<?xml version="1.0" encoding="UTF-8"?>
<testsuite failures="0" skipped="0" tests="10" name="Tests" time="29.863" errors="0">
<testcase classname="Tests.Bond Trading" name="Create And Confirm Valid Trade" time="5.349">
</testcase>
<testcase classname="Tests.Bond Trading" name="Invalid Instrument Should Fail" time="0.031">
</testcase>
<testcase classname="Tests.Bond Trading" name="Price Deviation Above Tolerance Rejects Trade" time="2.081">
</testcase>
<testcase classname="Tests.Bond Trading" name="Executing Already Confirmed Trade Raises Error" time="2.138">
</testcase>
<testcase classname="Tests.Bond Trading" name="Retry Logic Handles Injected Failure" time="2.324">
</testcase>
<testcase classname="Tests.Bond Trading" name="Partial Fill Execution Captured" time="2.147">
</testcase>
<testcase classname="Tests.Bond Trading" name="Trade Cancelled Before Confirmation" time="2.271">
</testcase>
<testcase classname="Tests.Bond Trading" name="Multiple Concurrent Traders" time="3.062">
</testcase>
<testcase classname="Tests.Bond Trading" name="Rapid Market Update Reflected" time="10.034">
</testcase>
<testcase classname="Tests.Bond Trading" name="Risk Breach Attempt Fails" time="0.036">
</testcase>
</testsuite>
